This file contains any messages produced by compilers while
running configure, to aid debugging if configure makes a mistake.

It was created by configure, which was
generated by GNU Autoconf 2.59.  Invocation command line was

  $ ./configure --host=mipsel

## --------- ##
## Platform. ##
## --------- ##

hostname = hv4mbgw9685fwjfj-0824122
uname -m = x86_64
uname -r = 5.4.0-97-generic
uname -s = Linux
uname -v = #110-Ubuntu SMP Thu Jan 13 18:22:13 UTC 2022

/usr/bin/uname -p = x86_64
/bin/uname -X     = unknown

/bin/arch              = x86_64
/usr/bin/arch -k       = unknown
/usr/convex/getsysinfo = unknown
hostinfo               = unknown
/bin/machine           = unknown
/usr/bin/oslevel       = unknown
/bin/universe          = unknown

PATH: /usr/local/sbin
PATH: /usr/local/bin
PATH: /usr/sbin
PATH: /usr/bin
PATH: /sbin
PATH: /bin
PATH: /usr/games
PATH: /usr/local/games
PATH: /snap/bin


## ----------- ##
## Core tests. ##
## ----------- ##

configure:1350: checking build system type
configure:1368: result: x86_64-unknown-linux-gnu
configure:1376: checking host system type
configure:1390: result: mipsel-unknown-elf
configure:1398: checking target system type
configure:1412: result: mipsel-unknown-elf
configure:1441: checking for a BSD-compatible install
configure:1496: result: /usr/bin/install -c
configure:1507: checking whether build environment is sane
configure:1550: result: yes
configure:1583: checking for gawk
configure:1599: found /usr/bin/gawk
configure:1609: result: gawk
configure:1619: checking whether make sets $(MAKE)
configure:1639: result: yes
configure:1718: checking for mipsel-strip
configure:1747: result: no
configure:1756: checking for strip
configure:1772: found /usr/bin/strip
configure:1783: result: strip
configure:1816: checking for mipsel-gcc
configure:1842: result: /opt/mipsel-buildroot-linux-uclibc/bin/mipsel-buildroot-linux-uclibc-gcc
configure:2124: checking for C compiler version
configure:2127: /opt/mipsel-buildroot-linux-uclibc/bin/mipsel-buildroot-linux-uclibc-gcc --version </dev/null >&5
mipsel-buildroot-linux-uclibc-gcc.br_real (Buildroot 2021.11.1) 10.3.0
Copyright (C) 2020 Free Software Foundation, Inc.
This is free software; see the source for copying conditions.  There is NO
warranty; not even for MERCHANTABILITY or FITNESS FOR A PARTICULAR PURPOSE.

configure:2130: $? = 0
configure:2132: /opt/mipsel-buildroot-linux-uclibc/bin/mipsel-buildroot-linux-uclibc-gcc -v </dev/null >&5
Using built-in specs.
COLLECT_GCC=/opt/mipsel-buildroot-linux-uclibc/bin/mipsel-buildroot-linux-uclibc-gcc.br_real
COLLECT_LTO_WRAPPER=/opt/mipsel-buildroot-linux-uclibc/bin/../libexec/gcc/mipsel-buildroot-linux-uclibc/10.3.0/lto-wrapper
Target: mipsel-buildroot-linux-uclibc
Configured with: ./configure --prefix=/f/buildroot-2021.11.1/output/host --sysconfdir=/f/buildroot-2021.11.1/output/host/etc --enable-static --target=mipsel-buildroot-linux-uclibc --with-sysroot=/f/buildroot-2021.11.1/output/host/mipsel-buildroot-linux-uclibc/sysroot --enable-__cxa_atexit --with-gnu-ld --disable-libssp --disable-multilib --disable-decimal-float --with-gmp=/f/buildroot-2021.11.1/output/host --with-mpc=/f/buildroot-2021.11.1/output/host --with-mpfr=/f/buildroot-2021.11.1/output/host --with-pkgversion='Buildroot 2021.11.1' --with-bugurl=http://bugs.buildroot.net/ --without-zstd --disable-libquadmath --disable-libquadmath-support --disable-libsanitizer --enable-tls --enable-threads --without-isl --without-cloog --with-float=soft --with-arch=mips32 --with-abi=32 --with-nan=legacy --enable-languages=c --with-build-time-tools=/f/buildroot-2021.11.1/output/host/mipsel-buildroot-linux-uclibc/bin --enable-shared --disable-libgomp
Thread model: posix
Supported LTO compression algorithms: zlib
gcc version 10.3.0 (Buildroot 2021.11.1) 
COMPILER_PATH=/opt/mipsel-buildroot-linux-uclibc/bin/../libexec/gcc/mipsel-buildroot-linux-uclibc/10.3.0/:/opt/mipsel-buildroot-linux-uclibc/bin/../libexec/gcc/:/opt/mipsel-buildroot-linux-uclibc/bin/../lib/gcc/mipsel-buildroot-linux-uclibc/10.3.0/../../../../mipsel-buildroot-linux-uclibc/bin/
LIBRARY_PATH=/opt/mipsel-buildroot-linux-uclibc/bin/../lib/gcc/mipsel-buildroot-linux-uclibc/10.3.0/:/opt/mipsel-buildroot-linux-uclibc/bin/../lib/gcc/:/opt/mipsel-buildroot-linux-uclibc/bin/../lib/gcc/mipsel-buildroot-linux-uclibc/10.3.0/../../../../mipsel-buildroot-linux-uclibc/lib/:/opt/mipsel-buildroot-linux-uclibc/mipsel-buildroot-linux-uclibc/sysroot/lib/:/opt/mipsel-buildroot-linux-uclibc/mipsel-buildroot-linux-uclibc/sysroot/usr/lib/
COLLECT_GCC_OPTIONS='-fPIE' '-pie' '-v' '-march=mips32' '-mabi=32' '-msoft-float' '-mnan=legacy' '-mllsc' '-mips32' '-EL'
 /opt/mipsel-buildroot-linux-uclibc/bin/../libexec/gcc/mipsel-buildroot-linux-uclibc/10.3.0/collect2 -plugin /opt/mipsel-buildroot-linux-uclibc/bin/../libexec/gcc/mipsel-buildroot-linux-uclibc/10.3.0/liblto_plugin.so -plugin-opt=/opt/mipsel-buildroot-linux-uclibc/bin/../libexec/gcc/mipsel-buildroot-linux-uclibc/10.3.0/lto-wrapper -plugin-opt=-fresolution=/tmp/ccYwmU0P.res -plugin-opt=-pass-through=-lgcc -plugin-opt=-pass-through=-lgcc_s -plugin-opt=-pass-through=-lc -plugin-opt=-pass-through=-lgcc -plugin-opt=-pass-through=-lgcc_s --sysroot=/opt/mipsel-buildroot-linux-uclibc/mipsel-buildroot-linux-uclibc/sysroot --eh-frame-hdr -EL -mips32 -dynamic-linker /lib/ld-uClibc.so.0 -melf32ltsmip -pie /opt/mipsel-buildroot-linux-uclibc/mipsel-buildroot-linux-uclibc/sysroot/usr/lib/Scrt1.o /opt/mipsel-buildroot-linux-uclibc/mipsel-buildroot-linux-uclibc/sysroot/usr/lib/crti.o /opt/mipsel-buildroot-linux-uclibc/bin/../lib/gcc/mipsel-buildroot-linux-uclibc/10.3.0/crtbeginS.o -L/opt/mipsel-buildroot-linux-uclibc/bin/../lib/gcc/mipsel-buildroot-linux-uclibc/10.3.0 -L/opt/mipsel-buildroot-linux-uclibc/bin/../lib/gcc -L/opt/mipsel-buildroot-linux-uclibc/bin/../lib/gcc/mipsel-buildroot-linux-uclibc/10.3.0/../../../../mipsel-buildroot-linux-uclibc/lib -L/opt/mipsel-buildroot-linux-uclibc/mipsel-buildroot-linux-uclibc/sysroot/lib -L/opt/mipsel-buildroot-linux-uclibc/mipsel-buildroot-linux-uclibc/sysroot/usr/lib -z now -z relro -lgcc --push-state --as-needed -lgcc_s --pop-state -lc -lgcc --push-state --as-needed -lgcc_s --pop-state /opt/mipsel-buildroot-linux-uclibc/bin/../lib/gcc/mipsel-buildroot-linux-uclibc/10.3.0/crtendS.o /opt/mipsel-buildroot-linux-uclibc/mipsel-buildroot-linux-uclibc/sysroot/usr/lib/crtn.o
/opt/mipsel-buildroot-linux-uclibc/bin/../lib/gcc/mipsel-buildroot-linux-uclibc/10.3.0/../../../../mipsel-buildroot-linux-uclibc/bin/ld: /opt/mipsel-buildroot-linux-uclibc/mipsel-buildroot-linux-uclibc/sysroot/usr/lib/Scrt1.o: in function `__start':
(.text+0x1c): undefined reference to `main'
collect2: error: ld returned 1 exit status
configure:2135: $? = 1
configure:2137: /opt/mipsel-buildroot-linux-uclibc/bin/mipsel-buildroot-linux-uclibc-gcc -V </dev/null >&5
mipsel-buildroot-linux-uclibc-gcc.br_real: error: unrecognized command-line option '-V'
configure:2140: $? = 1
configure:2163: checking for C compiler default output file name
configure:2166: /opt/mipsel-buildroot-linux-uclibc/bin/mipsel-buildroot-linux-uclibc-gcc   -static conftest.c  >&5
configure:2169: $? = 0
configure:2215: result: a.out
configure:2220: checking whether the C compiler works
configure:2226: ./a.out
./configure: line 2227: ./a.out: cannot execute binary file: Exec format error
configure:2229: $? = 126
configure:2246: result: yes
configure:2253: checking whether we are cross compiling
configure:2255: result: yes
configure:2258: checking for suffix of executables
configure:2260: /opt/mipsel-buildroot-linux-uclibc/bin/mipsel-buildroot-linux-uclibc-gcc -o conftest   -static conftest.c  >&5
configure:2263: $? = 0
configure:2288: result: 
configure:2294: checking for suffix of object files
configure:2315: /opt/mipsel-buildroot-linux-uclibc/bin/mipsel-buildroot-linux-uclibc-gcc -c   conftest.c >&5
configure:2318: $? = 0
configure:2340: result: o
configure:2344: checking whether we are using the GNU C compiler
configure:2368: /opt/mipsel-buildroot-linux-uclibc/bin/mipsel-buildroot-linux-uclibc-gcc -c   conftest.c >&5
configure:2374: $? = 0
configure:2378: test -z 
			 || test ! -s conftest.err
configure:2381: $? = 0
configure:2384: test -s conftest.o
configure:2387: $? = 0
configure:2400: result: yes
configure:2406: checking whether /opt/mipsel-buildroot-linux-uclibc/bin/mipsel-buildroot-linux-uclibc-gcc accepts -g
configure:2427: /opt/mipsel-buildroot-linux-uclibc/bin/mipsel-buildroot-linux-uclibc-gcc -c -g  conftest.c >&5
configure:2433: $? = 0
configure:2437: test -z 
			 || test ! -s conftest.err
configure:2440: $? = 0
configure:2443: test -s conftest.o
configure:2446: $? = 0
configure:2457: result: yes
configure:2474: checking for /opt/mipsel-buildroot-linux-uclibc/bin/mipsel-buildroot-linux-uclibc-gcc option to accept ANSI C
configure:2544: /opt/mipsel-buildroot-linux-uclibc/bin/mipsel-buildroot-linux-uclibc-gcc  -c -g -O2  conftest.c >&5
configure:2550: $? = 0
configure:2554: test -z 
			 || test ! -s conftest.err
configure:2557: $? = 0
configure:2560: test -s conftest.o
configure:2563: $? = 0
configure:2581: result: none needed
configure:2599: /opt/mipsel-buildroot-linux-uclibc/bin/mipsel-buildroot-linux-uclibc-gcc -c -g -O2  conftest.c >&5
conftest.c:2:3: error: unknown type name 'choke'
    2 |   choke me
      |   ^~~~~
conftest.c:2:3: error: expected '=', ',', ';', 'asm' or '__attribute__' at end of input
configure:2605: $? = 1
configure: failed program was:
| #ifndef __cplusplus
|   choke me
| #endif
configure:2749: checking for style of include used by make
configure:2777: result: GNU
configure:2805: checking dependency style of /opt/mipsel-buildroot-linux-uclibc/bin/mipsel-buildroot-linux-uclibc-gcc
configure:2888: result: none
configure:2910: checking how to run the C preprocessor
configure:2945: /opt/mipsel-buildroot-linux-uclibc/bin/mipsel-buildroot-linux-uclibc-gcc -E  conftest.c
configure:2951: $? = 0
configure:2983: /opt/mipsel-buildroot-linux-uclibc/bin/mipsel-buildroot-linux-uclibc-gcc -E  conftest.c
conftest.c:11:10: fatal error: ac_nonexistent.h: No such file or directory
   11 | #include <ac_nonexistent.h>
      |          ^~~~~~~~~~~~~~~~~~
compilation terminated.
configure:2989: $? = 1
configure: failed program was:
| /* confdefs.h.  */
| 
| #define PACKAGE_NAME ""
| #define PACKAGE_TARNAME ""
| #define PACKAGE_VERSION ""
| #define PACKAGE_STRING ""
| #define PACKAGE_BUGREPORT ""
| #define PACKAGE "netcat"
| #define VERSION "0.7.1"
| /* end confdefs.h.  */
| #include <ac_nonexistent.h>
configure:3028: result: /opt/mipsel-buildroot-linux-uclibc/bin/mipsel-buildroot-linux-uclibc-gcc -E
configure:3052: /opt/mipsel-buildroot-linux-uclibc/bin/mipsel-buildroot-linux-uclibc-gcc -E  conftest.c
configure:3058: $? = 0
configure:3090: /opt/mipsel-buildroot-linux-uclibc/bin/mipsel-buildroot-linux-uclibc-gcc -E  conftest.c
conftest.c:11:10: fatal error: ac_nonexistent.h: No such file or directory
   11 | #include <ac_nonexistent.h>
      |          ^~~~~~~~~~~~~~~~~~
compilation terminated.
configure:3096: $? = 1
configure: failed program was:
| /* confdefs.h.  */
| 
| #define PACKAGE_NAME ""
| #define PACKAGE_TARNAME ""
| #define PACKAGE_VERSION ""
| #define PACKAGE_STRING ""
| #define PACKAGE_BUGREPORT ""
| #define PACKAGE "netcat"
| #define VERSION "0.7.1"
| /* end confdefs.h.  */
| #include <ac_nonexistent.h>
configure:3142: checking for mipsel-ranlib
configure:3171: result: no
configure:3180: checking for ranlib
configure:3196: found /usr/bin/ranlib
configure:3207: result: ranlib
configure:3225: checking for perl5
configure:3258: result: no
configure:3225: checking for perl
configure:3243: found /usr/bin/perl
configure:3255: result: /usr/bin/perl
configure:3268: checking for pod2man
configure:3286: found /usr/bin/pod2man
configure:3299: result: /usr/bin/pod2man
configure:3328: checking for msgfmt
configure:3359: result: no
configure:3365: checking for gmsgfmt
configure:3396: result: :
configure:3406: checking for xgettext
configure:3437: result: no
configure:3445: checking for msgmerge
configure:3475: result: no
configure:3534: checking for ld used by GCC
configure:3597: result: /opt/mipsel-buildroot-linux-uclibc/mipsel-buildroot-linux-uclibc/bin/ld
configure:3606: checking if the linker (/opt/mipsel-buildroot-linux-uclibc/mipsel-buildroot-linux-uclibc/bin/ld) is GNU ld
GNU ld (GNU Binutils) 2.36.1
configure:3618: result: yes
configure:3624: checking for shared library run path origin
configure:3637: result: done
configure:4055: checking whether NLS is requested
configure:4064: result: yes
configure:4081: checking for GNU gettext in libc
configure:4105: /opt/mipsel-buildroot-linux-uclibc/bin/mipsel-buildroot-linux-uclibc-gcc -o conftest -g -O2  -static conftest.c  >&5
/opt/mipsel-buildroot-linux-uclibc/bin/../lib/gcc/mipsel-buildroot-linux-uclibc/10.3.0/../../../../mipsel-buildroot-linux-uclibc/bin/ld: /tmp/cc5rODjZ.o: in function `main':
/root/f/embins/netcat/src-0.7.1/conftest.c:18: undefined reference to `_nl_domain_bindings'
collect2: error: ld returned 1 exit status
configure:4111: $? = 1
configure: failed program was:
| /* confdefs.h.  */
| 
| #define PACKAGE_NAME ""
| #define PACKAGE_TARNAME ""
| #define PACKAGE_VERSION ""
| #define PACKAGE_STRING ""
| #define PACKAGE_BUGREPORT ""
| #define PACKAGE "netcat"
| #define VERSION "0.7.1"
| /* end confdefs.h.  */
| #include <libintl.h>
| extern int _nl_msg_cat_cntr;
| extern int *_nl_domain_bindings;
| int
| main ()
| {
| bindtextdomain ("", "");
| return (int) gettext ("") + (int) ngettext ("", "", 0) + _nl_msg_cat_cntr + *_nl_domain_bindings
|   ;
|   return 0;
| }
configure:4136: result: no
configure:4170: checking for iconv
configure:4197: /opt/mipsel-buildroot-linux-uclibc/bin/mipsel-buildroot-linux-uclibc-gcc -o conftest -g -O2  -static conftest.c  >&5
conftest.c:12:10: fatal error: iconv.h: No such file or directory
   12 | #include <iconv.h>
      |          ^~~~~~~~~
compilation terminated.
configure:4203: $? = 1
configure: failed program was:
| /* confdefs.h.  */
| 
| #define PACKAGE_NAME ""
| #define PACKAGE_TARNAME ""
| #define PACKAGE_VERSION ""
| #define PACKAGE_STRING ""
| #define PACKAGE_BUGREPORT ""
| #define PACKAGE "netcat"
| #define VERSION "0.7.1"
| /* end confdefs.h.  */
| #include <stdlib.h>
| #include <iconv.h>
| int
| main ()
| {
| iconv_t cd = iconv_open("","");
|        iconv(cd,NULL,NULL,NULL,NULL);
|        iconv_close(cd);
|   ;
|   return 0;
| }
configure:4248: /opt/mipsel-buildroot-linux-uclibc/bin/mipsel-buildroot-linux-uclibc-gcc -o conftest -g -O2  -static conftest.c  -liconv >&5
conftest.c:12:10: fatal error: iconv.h: No such file or directory
   12 | #include <iconv.h>
      |          ^~~~~~~~~
compilation terminated.
configure:4254: $? = 1
configure: failed program was:
| /* confdefs.h.  */
| 
| #define PACKAGE_NAME ""
| #define PACKAGE_TARNAME ""
| #define PACKAGE_VERSION ""
| #define PACKAGE_STRING ""
| #define PACKAGE_BUGREPORT ""
| #define PACKAGE "netcat"
| #define VERSION "0.7.1"
| /* end confdefs.h.  */
| #include <stdlib.h>
| #include <iconv.h>
| int
| main ()
| {
| iconv_t cd = iconv_open("","");
|          iconv(cd,NULL,NULL,NULL,NULL);
|          iconv_close(cd);
|   ;
|   return 0;
| }
configure:4282: result: no, consider installing GNU libiconv
configure:4683: checking for GNU gettext in libintl
configure:4715: /opt/mipsel-buildroot-linux-uclibc/bin/mipsel-buildroot-linux-uclibc-gcc -o conftest -g -O2   -static conftest.c  -lintl >&5
configure:4721: $? = 0
configure:4725: test -z 
			 || test ! -s conftest.err
configure:4728: $? = 0
configure:4731: test -s conftest
configure:4734: $? = 0
configure:4806: result: yes
configure:4838: checking how to link with libintl
configure:4840: result: -lintl
configure:4892: checking for strerror in -lcposix
configure:4922: /opt/mipsel-buildroot-linux-uclibc/bin/mipsel-buildroot-linux-uclibc-gcc -o conftest -g -O2  -static conftest.c -lcposix   >&5
/opt/mipsel-buildroot-linux-uclibc/bin/../lib/gcc/mipsel-buildroot-linux-uclibc/10.3.0/../../../../mipsel-buildroot-linux-uclibc/bin/ld: cannot find -lcposix
collect2: error: ld returned 1 exit status
configure:4928: $? = 1
configure: failed program was:
| /* confdefs.h.  */
| 
| #define PACKAGE_NAME ""
| #define PACKAGE_TARNAME ""
| #define PACKAGE_VERSION ""
| #define PACKAGE_STRING ""
| #define PACKAGE_BUGREPORT ""
| #define PACKAGE "netcat"
| #define VERSION "0.7.1"
| #define ENABLE_NLS 1
| #define HAVE_GETTEXT 1
| #define HAVE_DCGETTEXT 1
| /* end confdefs.h.  */
| 
| /* Override any gcc2 internal prototype to avoid an error.  */
| #ifdef __cplusplus
| extern "C"
| #endif
| /* We use char because int might match the return type of a gcc2
|    builtin and then its argument prototype would still apply.  */
| char strerror ();
| int
| main ()
| {
| strerror ();
|   ;
|   return 0;
| }
configure:4954: result: no
configure:4963: checking for egrep
configure:4973: result: grep -E
configure:4978: checking for ANSI C header files
configure:5003: /opt/mipsel-buildroot-linux-uclibc/bin/mipsel-buildroot-linux-uclibc-gcc -c -g -O2  conftest.c >&5
configure:5009: $? = 0
configure:5013: test -z 
			 || test ! -s conftest.err
configure:5016: $? = 0
configure:5019: test -s conftest.o
configure:5022: $? = 0
configure:5134: result: yes
configure:5144: checking for an ANSI C-conforming const
configure:5211: /opt/mipsel-buildroot-linux-uclibc/bin/mipsel-buildroot-linux-uclibc-gcc -c -g -O2  conftest.c >&5
configure:5217: $? = 0
configure:5221: test -z 
			 || test ! -s conftest.err
configure:5224: $? = 0
configure:5227: test -s conftest.o
configure:5230: $? = 0
configure:5241: result: yes
configure:5251: checking for inline
configure:5272: /opt/mipsel-buildroot-linux-uclibc/bin/mipsel-buildroot-linux-uclibc-gcc -c -g -O2  conftest.c >&5
configure:5278: $? = 0
configure:5282: test -z 
			 || test ! -s conftest.err
configure:5285: $? = 0
configure:5288: test -s conftest.o
configure:5291: $? = 0
configure:5303: result: inline
configure:5336: checking for sys/types.h
configure:5352: /opt/mipsel-buildroot-linux-uclibc/bin/mipsel-buildroot-linux-uclibc-gcc -c -g -O2  conftest.c >&5
configure:5358: $? = 0
configure:5362: test -z 
			 || test ! -s conftest.err
configure:5365: $? = 0
configure:5368: test -s conftest.o
configure:5371: $? = 0
configure:5382: result: yes
configure:5336: checking for sys/stat.h
configure:5352: /opt/mipsel-buildroot-linux-uclibc/bin/mipsel-buildroot-linux-uclibc-gcc -c -g -O2  conftest.c >&5
configure:5358: $? = 0
configure:5362: test -z 
			 || test ! -s conftest.err
configure:5365: $? = 0
configure:5368: test -s conftest.o
configure:5371: $? = 0
configure:5382: result: yes
configure:5336: checking for stdlib.h
configure:5352: /opt/mipsel-buildroot-linux-uclibc/bin/mipsel-buildroot-linux-uclibc-gcc -c -g -O2  conftest.c >&5
configure:5358: $? = 0
configure:5362: test -z 
			 || test ! -s conftest.err
configure:5365: $? = 0
configure:5368: test -s conftest.o
configure:5371: $? = 0
configure:5382: result: yes
configure:5336: checking for string.h
configure:5352: /opt/mipsel-buildroot-linux-uclibc/bin/mipsel-buildroot-linux-uclibc-gcc -c -g -O2  conftest.c >&5
configure:5358: $? = 0
configure:5362: test -z 
			 || test ! -s conftest.err
configure:5365: $? = 0
configure:5368: test -s conftest.o
configure:5371: $? = 0
configure:5382: result: yes
configure:5336: checking for memory.h
configure:5352: /opt/mipsel-buildroot-linux-uclibc/bin/mipsel-buildroot-linux-uclibc-gcc -c -g -O2  conftest.c >&5
configure:5358: $? = 0
configure:5362: test -z 
			 || test ! -s conftest.err
configure:5365: $? = 0
configure:5368: test -s conftest.o
configure:5371: $? = 0
configure:5382: result: yes
configure:5336: checking for strings.h
configure:5352: /opt/mipsel-buildroot-linux-uclibc/bin/mipsel-buildroot-linux-uclibc-gcc -c -g -O2  conftest.c >&5
configure:5358: $? = 0
configure:5362: test -z 
			 || test ! -s conftest.err
configure:5365: $? = 0
configure:5368: test -s conftest.o
configure:5371: $? = 0
configure:5382: result: yes
configure:5336: checking for inttypes.h
configure:5352: /opt/mipsel-buildroot-linux-uclibc/bin/mipsel-buildroot-linux-uclibc-gcc -c -g -O2  conftest.c >&5
configure:5358: $? = 0
configure:5362: test -z 
			 || test ! -s conftest.err
configure:5365: $? = 0
configure:5368: test -s conftest.o
configure:5371: $? = 0
configure:5382: result: yes
configure:5336: checking for stdint.h
configure:5352: /opt/mipsel-buildroot-linux-uclibc/bin/mipsel-buildroot-linux-uclibc-gcc -c -g -O2  conftest.c >&5
configure:5358: $? = 0
configure:5362: test -z 
			 || test ! -s conftest.err
configure:5365: $? = 0
configure:5368: test -s conftest.o
configure:5371: $? = 0
configure:5382: result: yes
configure:5336: checking for unistd.h
configure:5352: /opt/mipsel-buildroot-linux-uclibc/bin/mipsel-buildroot-linux-uclibc-gcc -c -g -O2  conftest.c >&5
configure:5358: $? = 0
configure:5362: test -z 
			 || test ! -s conftest.err
configure:5365: $? = 0
configure:5368: test -s conftest.o
configure:5371: $? = 0
configure:5382: result: yes
configure:5394: checking for off_t
configure:5418: /opt/mipsel-buildroot-linux-uclibc/bin/mipsel-buildroot-linux-uclibc-gcc -c -g -O2  conftest.c >&5
configure:5424: $? = 0
configure:5428: test -z 
			 || test ! -s conftest.err
configure:5431: $? = 0
configure:5434: test -s conftest.o
configure:5437: $? = 0
configure:5448: result: yes
configure:5460: checking for size_t
configure:5484: /opt/mipsel-buildroot-linux-uclibc/bin/mipsel-buildroot-linux-uclibc-gcc -c -g -O2  conftest.c >&5
configure:5490: $? = 0
configure:5494: test -z 
			 || test ! -s conftest.err
configure:5497: $? = 0
configure:5500: test -s conftest.o
configure:5503: $? = 0
configure:5514: result: yes
configure:5528: checking for working alloca.h
configure:5549: /opt/mipsel-buildroot-linux-uclibc/bin/mipsel-buildroot-linux-uclibc-gcc -o conftest -g -O2  -static conftest.c  >&5
configure:5555: $? = 0
configure:5559: test -z 
			 || test ! -s conftest.err
configure:5562: $? = 0
configure:5565: test -s conftest
configure:5568: $? = 0
configure:5580: result: yes
configure:5590: checking for alloca
configure:5631: /opt/mipsel-buildroot-linux-uclibc/bin/mipsel-buildroot-linux-uclibc-gcc -o conftest -g -O2  -static conftest.c  >&5
configure:5637: $? = 0
configure:5641: test -z 
			 || test ! -s conftest.err
configure:5644: $? = 0
configure:5647: test -s conftest
configure:5650: $? = 0
configure:5662: result: yes
configure:5891: checking for stdlib.h
configure:5896: result: yes
configure:5891: checking for unistd.h
configure:5896: result: yes
configure:6040: checking for getpagesize
configure:6097: /opt/mipsel-buildroot-linux-uclibc/bin/mipsel-buildroot-linux-uclibc-gcc -o conftest -g -O2  -static conftest.c  >&5
configure:6103: $? = 0
configure:6107: test -z 
			 || test ! -s conftest.err
configure:6110: $? = 0
configure:6113: test -s conftest
configure:6116: $? = 0
configure:6128: result: yes
configure:6138: checking for working mmap
configure:6302: result: no
configure:6314: checking whether we are using the GNU C Library 2.1 or newer
configure:6345: result: yes
configure:6353: checking whether integer division by zero raises SIGFPE
configure:6438: result: guessing no
configure:6451: checking for inttypes.h
configure:6473: /opt/mipsel-buildroot-linux-uclibc/bin/mipsel-buildroot-linux-uclibc-gcc -c -g -O2  conftest.c >&5
configure:6479: $? = 0
configure:6483: test -z 
			 || test ! -s conftest.err
configure:6486: $? = 0
configure:6489: test -s conftest.o
configure:6492: $? = 0
configure:6503: result: yes
configure:6514: checking for stdint.h
configure:6536: /opt/mipsel-buildroot-linux-uclibc/bin/mipsel-buildroot-linux-uclibc-gcc -c -g -O2  conftest.c >&5
configure:6542: $? = 0
configure:6546: test -z 
			 || test ! -s conftest.err
configure:6549: $? = 0
configure:6552: test -s conftest.o
configure:6555: $? = 0
configure:6566: result: yes
configure:6577: checking for unsigned long long
configure:6599: /opt/mipsel-buildroot-linux-uclibc/bin/mipsel-buildroot-linux-uclibc-gcc -o conftest -g -O2  -static conftest.c  >&5
configure:6605: $? = 0
configure:6609: test -z 
			 || test ! -s conftest.err
configure:6612: $? = 0
configure:6615: test -s conftest
configure:6618: $? = 0
configure:6630: result: yes
configure:6656: checking for inttypes.h
configure:6679: /opt/mipsel-buildroot-linux-uclibc/bin/mipsel-buildroot-linux-uclibc-gcc -c -g -O2  conftest.c >&5
configure:6685: $? = 0
configure:6689: test -z 
			 || test ! -s conftest.err
configure:6692: $? = 0
configure:6695: test -s conftest.o
configure:6698: $? = 0
configure:6710: result: yes
configure:6723: checking whether the inttypes.h PRIxNN macros are broken
configure:6749: /opt/mipsel-buildroot-linux-uclibc/bin/mipsel-buildroot-linux-uclibc-gcc -c -g -O2  conftest.c >&5
configure:6755: $? = 0
configure:6759: test -z 
			 || test ! -s conftest.err
configure:6762: $? = 0
configure:6765: test -s conftest.o
configure:6768: $? = 0
configure:6780: result: no
configure:6817: checking argz.h usability
configure:6829: /opt/mipsel-buildroot-linux-uclibc/bin/mipsel-buildroot-linux-uclibc-gcc -c -g -O2  conftest.c >&5
conftest.c:68:10: fatal error: argz.h: No such file or directory
   68 | #include <argz.h>
      |          ^~~~~~~~
compilation terminated.
configure:6835: $? = 1
configure: failed program was:
| /* confdefs.h.  */
| 
| #define PACKAGE_NAME ""
| #define PACKAGE_TARNAME ""
| #define PACKAGE_VERSION ""
| #define PACKAGE_STRING ""
| #define PACKAGE_BUGREPORT ""
| #define PACKAGE "netcat"
| #define VERSION "0.7.1"
| #define ENABLE_NLS 1
| #define HAVE_GETTEXT 1
| #define HAVE_DCGETTEXT 1
| #define STDC_HEADERS 1
| #define HAVE_SYS_TYPES_H 1
| #define HAVE_SYS_STAT_H 1
| #define HAVE_STDLIB_H 1
| #define HAVE_STRING_H 1
| #define HAVE_MEMORY_H 1
| #define HAVE_STRINGS_H 1
| #define HAVE_INTTYPES_H 1
| #define HAVE_STDINT_H 1
| #define HAVE_UNISTD_H 1
| #define HAVE_ALLOCA_H 1
| #define HAVE_ALLOCA 1
| #define HAVE_STDLIB_H 1
| #define HAVE_UNISTD_H 1
| #define HAVE_GETPAGESIZE 1
| #define INTDIV0_RAISES_SIGFPE 0
| #define HAVE_INTTYPES_H_WITH_UINTMAX 1
| #define HAVE_STDINT_H_WITH_UINTMAX 1
| #define HAVE_UNSIGNED_LONG_LONG 1
| #define HAVE_INTTYPES_H 1
| /* end confdefs.h.  */
| #include <stdio.h>
| #if HAVE_SYS_TYPES_H
| # include <sys/types.h>
| #endif
| #if HAVE_SYS_STAT_H
| # include <sys/stat.h>
| #endif
| #if STDC_HEADERS
| # include <stdlib.h>
| # include <stddef.h>
| #else
| # if HAVE_STDLIB_H
| #  include <stdlib.h>
| # endif
| #endif
| #if HAVE_STRING_H
| # if !STDC_HEADERS && HAVE_MEMORY_H
| #  include <memory.h>
| # endif
| # include <string.h>
| #endif
| #if HAVE_STRINGS_H
| # include <strings.h>
| #endif
| #if HAVE_INTTYPES_H
| # include <inttypes.h>
| #else
| # if HAVE_STDINT_H
| #  include <stdint.h>
| # endif
| #endif
| #if HAVE_UNISTD_H
| # include <unistd.h>
| #endif
| #include <argz.h>
configure:6858: result: no
configure:6862: checking argz.h presence
configure:6872: /opt/mipsel-buildroot-linux-uclibc/bin/mipsel-buildroot-linux-uclibc-gcc -E  conftest.c
conftest.c:34:10: fatal error: argz.h: No such file or directory
   34 | #include <argz.h>
      |          ^~~~~~~~
compilation terminated.
configure:6878: $? = 1
configure: failed program was:
| /* confdefs.h.  */
| 
| #define PACKAGE_NAME ""
| #define PACKAGE_TARNAME ""
| #define PACKAGE_VERSION ""
| #define PACKAGE_STRING ""
| #define PACKAGE_BUGREPORT ""
| #define PACKAGE "netcat"
| #define VERSION "0.7.1"
| #define ENABLE_NLS 1
| #define HAVE_GETTEXT 1
| #define HAVE_DCGETTEXT 1
| #define STDC_HEADERS 1
| #define HAVE_SYS_TYPES_H 1
| #define HAVE_SYS_STAT_H 1
| #define HAVE_STDLIB_H 1
| #define HAVE_STRING_H 1
| #define HAVE_MEMORY_H 1
| #define HAVE_STRINGS_H 1
| #define HAVE_INTTYPES_H 1
| #define HAVE_STDINT_H 1
| #define HAVE_UNISTD_H 1
| #define HAVE_ALLOCA_H 1
| #define HAVE_ALLOCA 1
| #define HAVE_STDLIB_H 1
| #define HAVE_UNISTD_H 1
| #define HAVE_GETPAGESIZE 1
| #define INTDIV0_RAISES_SIGFPE 0
| #define HAVE_INTTYPES_H_WITH_UINTMAX 1
| #define HAVE_STDINT_H_WITH_UINTMAX 1
| #define HAVE_UNSIGNED_LONG_LONG 1
| #define HAVE_INTTYPES_H 1
| /* end confdefs.h.  */
| #include <argz.h>
configure:6898: result: no
configure:6933: checking for argz.h
configure:6940: result: no
configure:6817: checking limits.h usability
configure:6829: /opt/mipsel-buildroot-linux-uclibc/bin/mipsel-buildroot-linux-uclibc-gcc -c -g -O2  conftest.c >&5
configure:6835: $? = 0
configure:6839: test -z 
			 || test ! -s conftest.err
configure:6842: $? = 0
configure:6845: test -s conftest.o
configure:6848: $? = 0
configure:6858: result: yes
configure:6862: checking limits.h presence
configure:6872: /opt/mipsel-buildroot-linux-uclibc/bin/mipsel-buildroot-linux-uclibc-gcc -E  conftest.c
configure:6878: $? = 0
configure:6898: result: yes
configure:6933: checking for limits.h
configure:6940: result: yes
configure:6817: checking locale.h usability
configure:6829: /opt/mipsel-buildroot-linux-uclibc/bin/mipsel-buildroot-linux-uclibc-gcc -c -g -O2  conftest.c >&5
configure:6835: $? = 0
configure:6839: test -z 
			 || test ! -s conftest.err
configure:6842: $? = 0
configure:6845: test -s conftest.o
configure:6848: $? = 0
configure:6858: result: yes
configure:6862: checking locale.h presence
configure:6872: /opt/mipsel-buildroot-linux-uclibc/bin/mipsel-buildroot-linux-uclibc-gcc -E  conftest.c
configure:6878: $? = 0
configure:6898: result: yes
configure:6933: checking for locale.h
configure:6940: result: yes
configure:6817: checking nl_types.h usability
configure:6829: /opt/mipsel-buildroot-linux-uclibc/bin/mipsel-buildroot-linux-uclibc-gcc -c -g -O2  conftest.c >&5
configure:6835: $? = 0
configure:6839: test -z 
			 || test ! -s conftest.err
configure:6842: $? = 0
configure:6845: test -s conftest.o
configure:6848: $? = 0
configure:6858: result: yes
configure:6862: checking nl_types.h presence
configure:6872: /opt/mipsel-buildroot-linux-uclibc/bin/mipsel-buildroot-linux-uclibc-gcc -E  conftest.c
configure:6878: $? = 0
configure:6898: result: yes
configure:6933: checking for nl_types.h
configure:6940: result: yes
configure:6817: checking malloc.h usability
configure:6829: /opt/mipsel-buildroot-linux-uclibc/bin/mipsel-buildroot-linux-uclibc-gcc -c -g -O2  conftest.c >&5
configure:6835: $? = 0
configure:6839: test -z 
			 || test ! -s conftest.err
configure:6842: $? = 0
configure:6845: test -s conftest.o
configure:6848: $? = 0
configure:6858: result: yes
configure:6862: checking malloc.h presence
configure:6872: /opt/mipsel-buildroot-linux-uclibc/bin/mipsel-buildroot-linux-uclibc-gcc -E  conftest.c
configure:6878: $? = 0
configure:6898: result: yes
configure:6933: checking for malloc.h
configure:6940: result: yes
configure:6817: checking stddef.h usability
configure:6829: /opt/mipsel-buildroot-linux-uclibc/bin/mipsel-buildroot-linux-uclibc-gcc -c -g -O2  conftest.c >&5
configure:6835: $? = 0
configure:6839: test -z 
			 || test ! -s conftest.err
configure:6842: $? = 0
configure:6845: test -s conftest.o
configure:6848: $? = 0
configure:6858: result: yes
configure:6862: checking stddef.h presence
configure:6872: /opt/mipsel-buildroot-linux-uclibc/bin/mipsel-buildroot-linux-uclibc-gcc -E  conftest.c
configure:6878: $? = 0
configure:6898: result: yes
configure:6933: checking for stddef.h
configure:6940: result: yes
configure:6808: checking for stdlib.h
configure:6813: result: yes
configure:6808: checking for string.h
configure:6813: result: yes
configure:6808: checking for unistd.h
configure:6813: result: yes
configure:6817: checking sys/param.h usability
configure:6829: /opt/mipsel-buildroot-linux-uclibc/bin/mipsel-buildroot-linux-uclibc-gcc -c -g -O2  conftest.c >&5
configure:6835: $? = 0
configure:6839: test -z 
			 || test ! -s conftest.err
configure:6842: $? = 0
configure:6845: test -s conftest.o
configure:6848: $? = 0
configure:6858: result: yes
configure:6862: checking sys/param.h presence
configure:6872: /opt/mipsel-buildroot-linux-uclibc/bin/mipsel-buildroot-linux-uclibc-gcc -E  conftest.c
configure:6878: $? = 0
configure:6898: result: yes
configure:6933: checking for sys/param.h
configure:6940: result: yes
configure:6979: checking for feof_unlocked
configure:7036: /opt/mipsel-buildroot-linux-uclibc/bin/mipsel-buildroot-linux-uclibc-gcc -o conftest -g -O2  -static conftest.c  >&5
configure:7042: $? = 0
configure:7046: test -z 
			 || test ! -s conftest.err
configure:7049: $? = 0
configure:7052: test -s conftest
configure:7055: $? = 0
configure:7067: result: yes
configure:6979: checking for fgets_unlocked
configure:7036: /opt/mipsel-buildroot-linux-uclibc/bin/mipsel-buildroot-linux-uclibc-gcc -o conftest -g -O2  -static conftest.c  >&5
configure:7042: $? = 0
configure:7046: test -z 
			 || test ! -s conftest.err
configure:7049: $? = 0
configure:7052: test -s conftest
configure:7055: $? = 0
configure:7067: result: yes
configure:6979: checking for getc_unlocked
configure:7036: /opt/mipsel-buildroot-linux-uclibc/bin/mipsel-buildroot-linux-uclibc-gcc -o conftest -g -O2  -static conftest.c  >&5
configure:7042: $? = 0
configure:7046: test -z 
			 || test ! -s conftest.err
configure:7049: $? = 0
configure:7052: test -s conftest
configure:7055: $? = 0
configure:7067: result: yes
configure:6979: checking for getcwd
configure:7036: /opt/mipsel-buildroot-linux-uclibc/bin/mipsel-buildroot-linux-uclibc-gcc -o conftest -g -O2  -static conftest.c  >&5
configure:7042: $? = 0
configure:7046: test -z 
			 || test ! -s conftest.err
configure:7049: $? = 0
configure:7052: test -s conftest
configure:7055: $? = 0
configure:7067: result: yes
configure:6979: checking for getegid
configure:7036: /opt/mipsel-buildroot-linux-uclibc/bin/mipsel-buildroot-linux-uclibc-gcc -o conftest -g -O2  -static conftest.c  >&5
configure:7042: $? = 0
configure:7046: test -z 
			 || test ! -s conftest.err
configure:7049: $? = 0
configure:7052: test -s conftest
configure:7055: $? = 0
configure:7067: result: yes
configure:6979: checking for geteuid
configure:7036: /opt/mipsel-buildroot-linux-uclibc/bin/mipsel-buildroot-linux-uclibc-gcc -o conftest -g -O2  -static conftest.c  >&5
configure:7042: $? = 0
configure:7046: test -z 
			 || test ! -s conftest.err
configure:7049: $? = 0
configure:7052: test -s conftest
configure:7055: $? = 0
configure:7067: result: yes
configure:6979: checking for getgid
configure:7036: /opt/mipsel-buildroot-linux-uclibc/bin/mipsel-buildroot-linux-uclibc-gcc -o conftest -g -O2  -static conftest.c  >&5
configure:7042: $? = 0
configure:7046: test -z 
			 || test ! -s conftest.err
configure:7049: $? = 0
configure:7052: test -s conftest
configure:7055: $? = 0
configure:7067: result: yes
configure:6979: checking for getuid
configure:7036: /opt/mipsel-buildroot-linux-uclibc/bin/mipsel-buildroot-linux-uclibc-gcc -o conftest -g -O2  -static conftest.c  >&5
configure:7042: $? = 0
configure:7046: test -z 
			 || test ! -s conftest.err
configure:7049: $? = 0
configure:7052: test -s conftest
configure:7055: $? = 0
configure:7067: result: yes
configure:6979: checking for mempcpy
configure:7036: /opt/mipsel-buildroot-linux-uclibc/bin/mipsel-buildroot-linux-uclibc-gcc -o conftest -g -O2  -static conftest.c  >&5
conftest.c:75:6: warning: conflicting types for built-in function 'mempcpy'; expected 'void *(void *, const void *, unsigned int)' [-Wbuiltin-declaration-mismatch]
   75 | char mempcpy ();
      |      ^~~~~~~
configure:7042: $? = 0
configure:7046: test -z 
			 || test ! -s conftest.err
configure:7049: $? = 0
configure:7052: test -s conftest
configure:7055: $? = 0
configure:7067: result: yes
configure:6979: checking for munmap
configure:7036: /opt/mipsel-buildroot-linux-uclibc/bin/mipsel-buildroot-linux-uclibc-gcc -o conftest -g -O2  -static conftest.c  >&5
configure:7042: $? = 0
configure:7046: test -z 
			 || test ! -s conftest.err
configure:7049: $? = 0
configure:7052: test -s conftest
configure:7055: $? = 0
configure:7067: result: yes
configure:6979: checking for putenv
configure:7036: /opt/mipsel-buildroot-linux-uclibc/bin/mipsel-buildroot-linux-uclibc-gcc -o conftest -g -O2  -static conftest.c  >&5
configure:7042: $? = 0
configure:7046: test -z 
			 || test ! -s conftest.err
configure:7049: $? = 0
configure:7052: test -s conftest
configure:7055: $? = 0
configure:7067: result: yes
configure:6979: checking for setenv
configure:7036: /opt/mipsel-buildroot-linux-uclibc/bin/mipsel-buildroot-linux-uclibc-gcc -o conftest -g -O2  -static conftest.c  >&5
configure:7042: $? = 0
configure:7046: test -z 
			 || test ! -s conftest.err
configure:7049: $? = 0
configure:7052: test -s conftest
configure:7055: $? = 0
configure:7067: result: yes
configure:6979: checking for setlocale
configure:7036: /opt/mipsel-buildroot-linux-uclibc/bin/mipsel-buildroot-linux-uclibc-gcc -o conftest -g -O2  -static conftest.c  >&5
configure:7042: $? = 0
configure:7046: test -z 
			 || test ! -s conftest.err
configure:7049: $? = 0
configure:7052: test -s conftest
configure:7055: $? = 0
configure:7067: result: yes
configure:6979: checking for stpcpy
configure:7036: /opt/mipsel-buildroot-linux-uclibc/bin/mipsel-buildroot-linux-uclibc-gcc -o conftest -g -O2  -static conftest.c  >&5
conftest.c:80:6: warning: conflicting types for built-in function 'stpcpy'; expected 'char *(char *, const char *)' [-Wbuiltin-declaration-mismatch]
   80 | char stpcpy ();
      |      ^~~~~~
configure:7042: $? = 0
configure:7046: test -z 
			 || test ! -s conftest.err
configure:7049: $? = 0
configure:7052: test -s conftest
configure:7055: $? = 0
configure:7067: result: yes
configure:6979: checking for strcasecmp
configure:7036: /opt/mipsel-buildroot-linux-uclibc/bin/mipsel-buildroot-linux-uclibc-gcc -o conftest -g -O2  -static conftest.c  >&5
conftest.c:81:6: warning: conflicting types for built-in function 'strcasecmp'; expected 'int(const char *, const char *)' [-Wbuiltin-declaration-mismatch]
   81 | char strcasecmp ();
      |      ^~~~~~~~~~
configure:7042: $? = 0
configure:7046: test -z 
			 || test ! -s conftest.err
configure:7049: $? = 0
configure:7052: test -s conftest
configure:7055: $? = 0
configure:7067: result: yes
configure:6979: checking for strdup
configure:7036: /opt/mipsel-buildroot-linux-uclibc/bin/mipsel-buildroot-linux-uclibc-gcc -o conftest -g -O2  -static conftest.c  >&5
conftest.c:82:6: warning: conflicting types for built-in function 'strdup'; expected 'char *(const char *)' [-Wbuiltin-declaration-mismatch]
   82 | char strdup ();
      |      ^~~~~~
configure:7042: $? = 0
configure:7046: test -z 
			 || test ! -s conftest.err
configure:7049: $? = 0
configure:7052: test -s conftest
configure:7055: $? = 0
configure:7067: result: yes
configure:6979: checking for strtoul
configure:7036: /opt/mipsel-buildroot-linux-uclibc/bin/mipsel-buildroot-linux-uclibc-gcc -o conftest -g -O2  -static conftest.c  >&5
configure:7042: $? = 0
configure:7046: test -z 
			 || test ! -s conftest.err
configure:7049: $? = 0
configure:7052: test -s conftest
configure:7055: $? = 0
configure:7067: result: yes
configure:6979: checking for tsearch
configure:7036: /opt/mipsel-buildroot-linux-uclibc/bin/mipsel-buildroot-linux-uclibc-gcc -o conftest -g -O2  -static conftest.c  >&5
configure:7042: $? = 0
configure:7046: test -z 
			 || test ! -s conftest.err
configure:7049: $? = 0
configure:7052: test -s conftest
configure:7055: $? = 0
configure:7067: result: yes
configure:6979: checking for __argz_count
configure:7036: /opt/mipsel-buildroot-linux-uclibc/bin/mipsel-buildroot-linux-uclibc-gcc -o conftest -g -O2  -static conftest.c  >&5
/opt/mipsel-buildroot-linux-uclibc/bin/../lib/gcc/mipsel-buildroot-linux-uclibc/10.3.0/../../../../mipsel-buildroot-linux-uclibc/bin/ld: /tmp/ccQzoSeV.o: in function `main':
/root/f/embins/netcat/src-0.7.1/conftest.c:101: undefined reference to `__argz_count'
/opt/mipsel-buildroot-linux-uclibc/bin/../lib/gcc/mipsel-buildroot-linux-uclibc/10.3.0/../../../../mipsel-buildroot-linux-uclibc/bin/ld: /tmp/ccQzoSeV.o:/root/f/embins/netcat/src-0.7.1/conftest.c:92: undefined reference to `__argz_count'
collect2: error: ld returned 1 exit status
configure:7042: $? = 1
configure: failed program was:
| /* confdefs.h.  */
| 
| #define PACKAGE_NAME ""
| #define PACKAGE_TARNAME ""
| #define PACKAGE_VERSION ""
| #define PACKAGE_STRING ""
| #define PACKAGE_BUGREPORT ""
| #define PACKAGE "netcat"
| #define VERSION "0.7.1"
| #define ENABLE_NLS 1
| #define HAVE_GETTEXT 1
| #define HAVE_DCGETTEXT 1
| #define STDC_HEADERS 1
| #define HAVE_SYS_TYPES_H 1
| #define HAVE_SYS_STAT_H 1
| #define HAVE_STDLIB_H 1
| #define HAVE_STRING_H 1
| #define HAVE_MEMORY_H 1
| #define HAVE_STRINGS_H 1
| #define HAVE_INTTYPES_H 1
| #define HAVE_STDINT_H 1
| #define HAVE_UNISTD_H 1
| #define HAVE_ALLOCA_H 1
| #define HAVE_ALLOCA 1
| #define HAVE_STDLIB_H 1
| #define HAVE_UNISTD_H 1
| #define HAVE_GETPAGESIZE 1
| #define INTDIV0_RAISES_SIGFPE 0
| #define HAVE_INTTYPES_H_WITH_UINTMAX 1
| #define HAVE_STDINT_H_WITH_UINTMAX 1
| #define HAVE_UNSIGNED_LONG_LONG 1
| #define HAVE_INTTYPES_H 1
| #define HAVE_LIMITS_H 1
| #define HAVE_LOCALE_H 1
| #define HAVE_NL_TYPES_H 1
| #define HAVE_MALLOC_H 1
| #define HAVE_STDDEF_H 1
| #define HAVE_STDLIB_H 1
| #define HAVE_STRING_H 1
| #define HAVE_UNISTD_H 1
| #define HAVE_SYS_PARAM_H 1
| #define HAVE_FEOF_UNLOCKED 1
| #define HAVE_FGETS_UNLOCKED 1
| #define HAVE_GETC_UNLOCKED 1
| #define HAVE_GETCWD 1
| #define HAVE_GETEGID 1
| #define HAVE_GETEUID 1
| #define HAVE_GETGID 1
| #define HAVE_GETUID 1
| #define HAVE_MEMPCPY 1
| #define HAVE_MUNMAP 1
| #define HAVE_PUTENV 1
| #define HAVE_SETENV 1
| #define HAVE_SETLOCALE 1
| #define HAVE_STPCPY 1
| #define HAVE_STRCASECMP 1
| #define HAVE_STRDUP 1
| #define HAVE_STRTOUL 1
| #define HAVE_TSEARCH 1
| /* end confdefs.h.  */
| /* Define __argz_count to an innocuous variant, in case <limits.h> declares __argz_count.
|    For example, HP-UX 11i <limits.h> declares gettimeofday.  */
| #define __argz_count innocuous___argz_count
| 
| /* System header to define __stub macros and hopefully few prototypes,
|     which can conflict with char __argz_count (); below.
|     Prefer <limits.h> to <assert.h> if __STDC__ is defined, since
|     <limits.h> exists even on freestanding compilers.  */
| 
| #ifdef __STDC__
| # include <limits.h>
| #else
| # include <assert.h>
| #endif
| 
| #undef __argz_count
| 
| /* Override any gcc2 internal prototype to avoid an error.  */
| #ifdef __cplusplus
| extern "C"
| {
| #endif
| /* We use char because int might match the return type of a gcc2
|    builtin and then its argument prototype would still apply.  */
| char __argz_count ();
| /* The GNU C library defines this for functions which it implements
|     to always fail with ENOSYS.  Some functions are actually named
|     something starting with __ and the normal name is an alias.  */
| #if defined (__stub___argz_count) || defined (__stub_____argz_count)
| choke me
| #else
| char (*f) () = __argz_count;
| #endif
| #ifdef __cplusplus
| }
| #endif
| 
| int
| main ()
| {
| return f != __argz_count;
|   ;
|   return 0;
| }
configure:7067: result: no
configure:6979: checking for __argz_stringify
configure:7036: /opt/mipsel-buildroot-linux-uclibc/bin/mipsel-buildroot-linux-uclibc-gcc -o conftest -g -O2  -static conftest.c  >&5
/opt/mipsel-buildroot-linux-uclibc/bin/../lib/gcc/mipsel-buildroot-linux-uclibc/10.3.0/../../../../mipsel-buildroot-linux-uclibc/bin/ld: /tmp/ccIrjECK.o: in function `main':
/root/f/embins/netcat/src-0.7.1/conftest.c:101: undefined reference to `__argz_stringify'
/opt/mipsel-buildroot-linux-uclibc/bin/../lib/gcc/mipsel-buildroot-linux-uclibc/10.3.0/../../../../mipsel-buildroot-linux-uclibc/bin/ld: /tmp/ccIrjECK.o:/root/f/embins/netcat/src-0.7.1/conftest.c:92: undefined reference to `__argz_stringify'
collect2: error: ld returned 1 exit status
configure:7042: $? = 1
configure: failed program was:
| /* confdefs.h.  */
| 
| #define PACKAGE_NAME ""
| #define PACKAGE_TARNAME ""
| #define PACKAGE_VERSION ""
| #define PACKAGE_STRING ""
| #define PACKAGE_BUGREPORT ""
| #define PACKAGE "netcat"
| #define VERSION "0.7.1"
| #define ENABLE_NLS 1
| #define HAVE_GETTEXT 1
| #define HAVE_DCGETTEXT 1
| #define STDC_HEADERS 1
| #define HAVE_SYS_TYPES_H 1
| #define HAVE_SYS_STAT_H 1
| #define HAVE_STDLIB_H 1
| #define HAVE_STRING_H 1
| #define HAVE_MEMORY_H 1
| #define HAVE_STRINGS_H 1
| #define HAVE_INTTYPES_H 1
| #define HAVE_STDINT_H 1
| #define HAVE_UNISTD_H 1
| #define HAVE_ALLOCA_H 1
| #define HAVE_ALLOCA 1
| #define HAVE_STDLIB_H 1
| #define HAVE_UNISTD_H 1
| #define HAVE_GETPAGESIZE 1
| #define INTDIV0_RAISES_SIGFPE 0
| #define HAVE_INTTYPES_H_WITH_UINTMAX 1
| #define HAVE_STDINT_H_WITH_UINTMAX 1
| #define HAVE_UNSIGNED_LONG_LONG 1
| #define HAVE_INTTYPES_H 1
| #define HAVE_LIMITS_H 1
| #define HAVE_LOCALE_H 1
| #define HAVE_NL_TYPES_H 1
| #define HAVE_MALLOC_H 1
| #define HAVE_STDDEF_H 1
| #define HAVE_STDLIB_H 1
| #define HAVE_STRING_H 1
| #define HAVE_UNISTD_H 1
| #define HAVE_SYS_PARAM_H 1
| #define HAVE_FEOF_UNLOCKED 1
| #define HAVE_FGETS_UNLOCKED 1
| #define HAVE_GETC_UNLOCKED 1
| #define HAVE_GETCWD 1
| #define HAVE_GETEGID 1
| #define HAVE_GETEUID 1
| #define HAVE_GETGID 1
| #define HAVE_GETUID 1
| #define HAVE_MEMPCPY 1
| #define HAVE_MUNMAP 1
| #define HAVE_PUTENV 1
| #define HAVE_SETENV 1
| #define HAVE_SETLOCALE 1
| #define HAVE_STPCPY 1
| #define HAVE_STRCASECMP 1
| #define HAVE_STRDUP 1
| #define HAVE_STRTOUL 1
| #define HAVE_TSEARCH 1
| /* end confdefs.h.  */
| /* Define __argz_stringify to an innocuous variant, in case <limits.h> declares __argz_stringify.
|    For example, HP-UX 11i <limits.h> declares gettimeofday.  */
| #define __argz_stringify innocuous___argz_stringify
| 
| /* System header to define __stub macros and hopefully few prototypes,
|     which can conflict with char __argz_stringify (); below.
|     Prefer <limits.h> to <assert.h> if __STDC__ is defined, since
|     <limits.h> exists even on freestanding compilers.  */
| 
| #ifdef __STDC__
| # include <limits.h>
| #else
| # include <assert.h>
| #endif
| 
| #undef __argz_stringify
| 
| /* Override any gcc2 internal prototype to avoid an error.  */
| #ifdef __cplusplus
| extern "C"
| {
| #endif
| /* We use char because int might match the return type of a gcc2
|    builtin and then its argument prototype would still apply.  */
| char __argz_stringify ();
| /* The GNU C library defines this for functions which it implements
|     to always fail with ENOSYS.  Some functions are actually named
|     something starting with __ and the normal name is an alias.  */
| #if defined (__stub___argz_stringify) || defined (__stub_____argz_stringify)
| choke me
| #else
| char (*f) () = __argz_stringify;
| #endif
| #ifdef __cplusplus
| }
| #endif
| 
| int
| main ()
| {
| return f != __argz_stringify;
|   ;
|   return 0;
| }
configure:7067: result: no
configure:6979: checking for __argz_next
configure:7036: /opt/mipsel-buildroot-linux-uclibc/bin/mipsel-buildroot-linux-uclibc-gcc -o conftest -g -O2  -static conftest.c  >&5
/opt/mipsel-buildroot-linux-uclibc/bin/../lib/gcc/mipsel-buildroot-linux-uclibc/10.3.0/../../../../mipsel-buildroot-linux-uclibc/bin/ld: /tmp/ccxH4nOy.o: in function `main':
/root/f/embins/netcat/src-0.7.1/conftest.c:101: undefined reference to `__argz_next'
/opt/mipsel-buildroot-linux-uclibc/bin/../lib/gcc/mipsel-buildroot-linux-uclibc/10.3.0/../../../../mipsel-buildroot-linux-uclibc/bin/ld: /tmp/ccxH4nOy.o:/root/f/embins/netcat/src-0.7.1/conftest.c:92: undefined reference to `__argz_next'
collect2: error: ld returned 1 exit status
configure:7042: $? = 1
configure: failed program was:
| /* confdefs.h.  */
| 
| #define PACKAGE_NAME ""
| #define PACKAGE_TARNAME ""
| #define PACKAGE_VERSION ""
| #define PACKAGE_STRING ""
| #define PACKAGE_BUGREPORT ""
| #define PACKAGE "netcat"
| #define VERSION "0.7.1"
| #define ENABLE_NLS 1
| #define HAVE_GETTEXT 1
| #define HAVE_DCGETTEXT 1
| #define STDC_HEADERS 1
| #define HAVE_SYS_TYPES_H 1
| #define HAVE_SYS_STAT_H 1
| #define HAVE_STDLIB_H 1
| #define HAVE_STRING_H 1
| #define HAVE_MEMORY_H 1
| #define HAVE_STRINGS_H 1
| #define HAVE_INTTYPES_H 1
| #define HAVE_STDINT_H 1
| #define HAVE_UNISTD_H 1
| #define HAVE_ALLOCA_H 1
| #define HAVE_ALLOCA 1
| #define HAVE_STDLIB_H 1
| #define HAVE_UNISTD_H 1
| #define HAVE_GETPAGESIZE 1
| #define INTDIV0_RAISES_SIGFPE 0
| #define HAVE_INTTYPES_H_WITH_UINTMAX 1
| #define HAVE_STDINT_H_WITH_UINTMAX 1
| #define HAVE_UNSIGNED_LONG_LONG 1
| #define HAVE_INTTYPES_H 1
| #define HAVE_LIMITS_H 1
| #define HAVE_LOCALE_H 1
| #define HAVE_NL_TYPES_H 1
| #define HAVE_MALLOC_H 1
| #define HAVE_STDDEF_H 1
| #define HAVE_STDLIB_H 1
| #define HAVE_STRING_H 1
| #define HAVE_UNISTD_H 1
| #define HAVE_SYS_PARAM_H 1
| #define HAVE_FEOF_UNLOCKED 1
| #define HAVE_FGETS_UNLOCKED 1
| #define HAVE_GETC_UNLOCKED 1
| #define HAVE_GETCWD 1
| #define HAVE_GETEGID 1
| #define HAVE_GETEUID 1
| #define HAVE_GETGID 1
| #define HAVE_GETUID 1
| #define HAVE_MEMPCPY 1
| #define HAVE_MUNMAP 1
| #define HAVE_PUTENV 1
| #define HAVE_SETENV 1
| #define HAVE_SETLOCALE 1
| #define HAVE_STPCPY 1
| #define HAVE_STRCASECMP 1
| #define HAVE_STRDUP 1
| #define HAVE_STRTOUL 1
| #define HAVE_TSEARCH 1
| /* end confdefs.h.  */
| /* Define __argz_next to an innocuous variant, in case <limits.h> declares __argz_next.
|    For example, HP-UX 11i <limits.h> declares gettimeofday.  */
| #define __argz_next innocuous___argz_next
| 
| /* System header to define __stub macros and hopefully few prototypes,
|     which can conflict with char __argz_next (); below.
|     Prefer <limits.h> to <assert.h> if __STDC__ is defined, since
|     <limits.h> exists even on freestanding compilers.  */
| 
| #ifdef __STDC__
| # include <limits.h>
| #else
| # include <assert.h>
| #endif
| 
| #undef __argz_next
| 
| /* Override any gcc2 internal prototype to avoid an error.  */
| #ifdef __cplusplus
| extern "C"
| {
| #endif
| /* We use char because int might match the return type of a gcc2
|    builtin and then its argument prototype would still apply.  */
| char __argz_next ();
| /* The GNU C library defines this for functions which it implements
|     to always fail with ENOSYS.  Some functions are actually named
|     something starting with __ and the normal name is an alias.  */
| #if defined (__stub___argz_next) || defined (__stub_____argz_next)
| choke me
| #else
| char (*f) () = __argz_next;
| #endif
| #ifdef __cplusplus
| }
| #endif
| 
| int
| main ()
| {
| return f != __argz_next;
|   ;
|   return 0;
| }
configure:7067: result: no
configure:7108: checking for iconv
configure:7220: result: no, consider installing GNU libiconv
configure:7322: checking for nl_langinfo and CODESET
configure:7343: /opt/mipsel-buildroot-linux-uclibc/bin/mipsel-buildroot-linux-uclibc-gcc -o conftest -g -O2  -static conftest.c  >&5
configure:7349: $? = 0
configure:7353: test -z 
			 || test ! -s conftest.err
configure:7356: $? = 0
configure:7359: test -s conftest
configure:7362: $? = 0
configure:7375: result: yes
configure:7387: checking for LC_MESSAGES
configure:7408: /opt/mipsel-buildroot-linux-uclibc/bin/mipsel-buildroot-linux-uclibc-gcc -o conftest -g -O2  -static conftest.c  >&5
configure:7414: $? = 0
configure:7418: test -z 
			 || test ! -s conftest.err
configure:7421: $? = 0
configure:7424: test -s conftest
configure:7427: $? = 0
configure:7439: result: yes
configure:7455: checking for bison
configure:7471: found /usr/bin/bison
configure:7481: result: bison
configure:7494: checking version of bison
configure:7503: result: 3.5.1, ok
configure:7514: checking for gethostbyname
configure:7571: /opt/mipsel-buildroot-linux-uclibc/bin/mipsel-buildroot-linux-uclibc-gcc -o conftest -g -O2  -static conftest.c  >&5
configure:7577: $? = 0
configure:7581: test -z 
			 || test ! -s conftest.err
configure:7584: $? = 0
configure:7587: test -s conftest
configure:7590: $? = 0
configure:7602: result: yes
configure:7907: checking for socket
configure:7964: /opt/mipsel-buildroot-linux-uclibc/bin/mipsel-buildroot-linux-uclibc-gcc -o conftest -g -O2  -static conftest.c  >&5
configure:7970: $? = 0
configure:7974: test -z 
			 || test ! -s conftest.err
configure:7977: $? = 0
configure:7980: test -s conftest
configure:7983: $? = 0
configure:7995: result: yes
configure:8147: checking for putmsg in -lstr
configure:8177: /opt/mipsel-buildroot-linux-uclibc/bin/mipsel-buildroot-linux-uclibc-gcc -o conftest -g -O2  -static conftest.c -lstr   >&5
/opt/mipsel-buildroot-linux-uclibc/bin/../lib/gcc/mipsel-buildroot-linux-uclibc/10.3.0/../../../../mipsel-buildroot-linux-uclibc/bin/ld: cannot find -lstr
collect2: error: ld returned 1 exit status
configure:8183: $? = 1
configure: failed program was:
| /* confdefs.h.  */
| 
| #define PACKAGE_NAME ""
| #define PACKAGE_TARNAME ""
| #define PACKAGE_VERSION ""
| #define PACKAGE_STRING ""
| #define PACKAGE_BUGREPORT ""
| #define PACKAGE "netcat"
| #define VERSION "0.7.1"
| #define ENABLE_NLS 1
| #define HAVE_GETTEXT 1
| #define HAVE_DCGETTEXT 1
| #define STDC_HEADERS 1
| #define HAVE_SYS_TYPES_H 1
| #define HAVE_SYS_STAT_H 1
| #define HAVE_STDLIB_H 1
| #define HAVE_STRING_H 1
| #define HAVE_MEMORY_H 1
| #define HAVE_STRINGS_H 1
| #define HAVE_INTTYPES_H 1
| #define HAVE_STDINT_H 1
| #define HAVE_UNISTD_H 1
| #define HAVE_ALLOCA_H 1
| #define HAVE_ALLOCA 1
| #define HAVE_STDLIB_H 1
| #define HAVE_UNISTD_H 1
| #define HAVE_GETPAGESIZE 1
| #define INTDIV0_RAISES_SIGFPE 0
| #define HAVE_INTTYPES_H_WITH_UINTMAX 1
| #define HAVE_STDINT_H_WITH_UINTMAX 1
| #define HAVE_UNSIGNED_LONG_LONG 1
| #define HAVE_INTTYPES_H 1
| #define HAVE_LIMITS_H 1
| #define HAVE_LOCALE_H 1
| #define HAVE_NL_TYPES_H 1
| #define HAVE_MALLOC_H 1
| #define HAVE_STDDEF_H 1
| #define HAVE_STDLIB_H 1
| #define HAVE_STRING_H 1
| #define HAVE_UNISTD_H 1
| #define HAVE_SYS_PARAM_H 1
| #define HAVE_FEOF_UNLOCKED 1
| #define HAVE_FGETS_UNLOCKED 1
| #define HAVE_GETC_UNLOCKED 1
| #define HAVE_GETCWD 1
| #define HAVE_GETEGID 1
| #define HAVE_GETEUID 1
| #define HAVE_GETGID 1
| #define HAVE_GETUID 1
| #define HAVE_MEMPCPY 1
| #define HAVE_MUNMAP 1
| #define HAVE_PUTENV 1
| #define HAVE_SETENV 1
| #define HAVE_SETLOCALE 1
| #define HAVE_STPCPY 1
| #define HAVE_STRCASECMP 1
| #define HAVE_STRDUP 1
| #define HAVE_STRTOUL 1
| #define HAVE_TSEARCH 1
| #define HAVE_LANGINFO_CODESET 1
| #define HAVE_LC_MESSAGES 1
| /* end confdefs.h.  */
| 
| /* Override any gcc2 internal prototype to avoid an error.  */
| #ifdef __cplusplus
| extern "C"
| #endif
| /* We use char because int might match the return type of a gcc2
|    builtin and then its argument prototype would still apply.  */
| char putmsg ();
| int
| main ()
| {
| putmsg ();
|   ;
|   return 0;
| }
configure:8209: result: no
configure:8236: checking sys/sockio.h usability
configure:8248: /opt/mipsel-buildroot-linux-uclibc/bin/mipsel-buildroot-linux-uclibc-gcc -c -g -O2  conftest.c >&5
conftest.c:97:10: fatal error: sys/sockio.h: No such file or directory
   97 | #include <sys/sockio.h>
      |          ^~~~~~~~~~~~~~
compilation terminated.
configure:8254: $? = 1
configure: failed program was:
| /* confdefs.h.  */
| 
| #define PACKAGE_NAME ""
| #define PACKAGE_TARNAME ""
| #define PACKAGE_VERSION ""
| #define PACKAGE_STRING ""
| #define PACKAGE_BUGREPORT ""
| #define PACKAGE "netcat"
| #define VERSION "0.7.1"
| #define ENABLE_NLS 1
| #define HAVE_GETTEXT 1
| #define HAVE_DCGETTEXT 1
| #define STDC_HEADERS 1
| #define HAVE_SYS_TYPES_H 1
| #define HAVE_SYS_STAT_H 1
| #define HAVE_STDLIB_H 1
| #define HAVE_STRING_H 1
| #define HAVE_MEMORY_H 1
| #define HAVE_STRINGS_H 1
| #define HAVE_INTTYPES_H 1
| #define HAVE_STDINT_H 1
| #define HAVE_UNISTD_H 1
| #define HAVE_ALLOCA_H 1
| #define HAVE_ALLOCA 1
| #define HAVE_STDLIB_H 1
| #define HAVE_UNISTD_H 1
| #define HAVE_GETPAGESIZE 1
| #define INTDIV0_RAISES_SIGFPE 0
| #define HAVE_INTTYPES_H_WITH_UINTMAX 1
| #define HAVE_STDINT_H_WITH_UINTMAX 1
| #define HAVE_UNSIGNED_LONG_LONG 1
| #define HAVE_INTTYPES_H 1
| #define HAVE_LIMITS_H 1
| #define HAVE_LOCALE_H 1
| #define HAVE_NL_TYPES_H 1
| #define HAVE_MALLOC_H 1
| #define HAVE_STDDEF_H 1
| #define HAVE_STDLIB_H 1
| #define HAVE_STRING_H 1
| #define HAVE_UNISTD_H 1
| #define HAVE_SYS_PARAM_H 1
| #define HAVE_FEOF_UNLOCKED 1
| #define HAVE_FGETS_UNLOCKED 1
| #define HAVE_GETC_UNLOCKED 1
| #define HAVE_GETCWD 1
| #define HAVE_GETEGID 1
| #define HAVE_GETEUID 1
| #define HAVE_GETGID 1
| #define HAVE_GETUID 1
| #define HAVE_MEMPCPY 1
| #define HAVE_MUNMAP 1
| #define HAVE_PUTENV 1
| #define HAVE_SETENV 1
| #define HAVE_SETLOCALE 1
| #define HAVE_STPCPY 1
| #define HAVE_STRCASECMP 1
| #define HAVE_STRDUP 1
| #define HAVE_STRTOUL 1
| #define HAVE_TSEARCH 1
| #define HAVE_LANGINFO_CODESET 1
| #define HAVE_LC_MESSAGES 1
| /* end confdefs.h.  */
| #include <stdio.h>
| #if HAVE_SYS_TYPES_H
| # include <sys/types.h>
| #endif
| #if HAVE_SYS_STAT_H
| # include <sys/stat.h>
| #endif
| #if STDC_HEADERS
| # include <stdlib.h>
| # include <stddef.h>
| #else
| # if HAVE_STDLIB_H
| #  include <stdlib.h>
| # endif
| #endif
| #if HAVE_STRING_H
| # if !STDC_HEADERS && HAVE_MEMORY_H
| #  include <memory.h>
| # endif
| # include <string.h>
| #endif
| #if HAVE_STRINGS_H
| # include <strings.h>
| #endif
| #if HAVE_INTTYPES_H
| # include <inttypes.h>
| #else
| # if HAVE_STDINT_H
| #  include <stdint.h>
| # endif
| #endif
| #if HAVE_UNISTD_H
| # include <unistd.h>
| #endif
| #include <sys/sockio.h>
configure:8277: result: no
configure:8281: checking sys/sockio.h presence
configure:8291: /opt/mipsel-buildroot-linux-uclibc/bin/mipsel-buildroot-linux-uclibc-gcc -E  conftest.c
conftest.c:63:10: fatal error: sys/sockio.h: No such file or directory
   63 | #include <sys/sockio.h>
      |          ^~~~~~~~~~~~~~
compilation terminated.
configure:8297: $? = 1
configure: failed program was:
| /* confdefs.h.  */
| 
| #define PACKAGE_NAME ""
| #define PACKAGE_TARNAME ""
| #define PACKAGE_VERSION ""
| #define PACKAGE_STRING ""
| #define PACKAGE_BUGREPORT ""
| #define PACKAGE "netcat"
| #define VERSION "0.7.1"
| #define ENABLE_NLS 1
| #define HAVE_GETTEXT 1
| #define HAVE_DCGETTEXT 1
| #define STDC_HEADERS 1
| #define HAVE_SYS_TYPES_H 1
| #define HAVE_SYS_STAT_H 1
| #define HAVE_STDLIB_H 1
| #define HAVE_STRING_H 1
| #define HAVE_MEMORY_H 1
| #define HAVE_STRINGS_H 1
| #define HAVE_INTTYPES_H 1
| #define HAVE_STDINT_H 1
| #define HAVE_UNISTD_H 1
| #define HAVE_ALLOCA_H 1
| #define HAVE_ALLOCA 1
| #define HAVE_STDLIB_H 1
| #define HAVE_UNISTD_H 1
| #define HAVE_GETPAGESIZE 1
| #define INTDIV0_RAISES_SIGFPE 0
| #define HAVE_INTTYPES_H_WITH_UINTMAX 1
| #define HAVE_STDINT_H_WITH_UINTMAX 1
| #define HAVE_UNSIGNED_LONG_LONG 1
| #define HAVE_INTTYPES_H 1
| #define HAVE_LIMITS_H 1
| #define HAVE_LOCALE_H 1
| #define HAVE_NL_TYPES_H 1
| #define HAVE_MALLOC_H 1
| #define HAVE_STDDEF_H 1
| #define HAVE_STDLIB_H 1
| #define HAVE_STRING_H 1
| #define HAVE_UNISTD_H 1
| #define HAVE_SYS_PARAM_H 1
| #define HAVE_FEOF_UNLOCKED 1
| #define HAVE_FGETS_UNLOCKED 1
| #define HAVE_GETC_UNLOCKED 1
| #define HAVE_GETCWD 1
| #define HAVE_GETEGID 1
| #define HAVE_GETEUID 1
| #define HAVE_GETGID 1
| #define HAVE_GETUID 1
| #define HAVE_MEMPCPY 1
| #define HAVE_MUNMAP 1
| #define HAVE_PUTENV 1
| #define HAVE_SETENV 1
| #define HAVE_SETLOCALE 1
| #define HAVE_STPCPY 1
| #define HAVE_STRCASECMP 1
| #define HAVE_STRDUP 1
| #define HAVE_STRTOUL 1
| #define HAVE_TSEARCH 1
| #define HAVE_LANGINFO_CODESET 1
| #define HAVE_LC_MESSAGES 1
| /* end confdefs.h.  */
| #include <sys/sockio.h>
configure:8317: result: no
configure:8352: checking for sys/sockio.h
configure:8359: result: no
configure:8378: checking for srandom
configure:8435: /opt/mipsel-buildroot-linux-uclibc/bin/mipsel-buildroot-linux-uclibc-gcc -o conftest -g -O2  -static conftest.c  >&5
configure:8441: $? = 0
configure:8445: test -z 
			 || test ! -s conftest.err
configure:8448: $? = 0
configure:8451: test -s conftest
configure:8454: $? = 0
configure:8466: result: yes
configure:8378: checking for random
configure:8435: /opt/mipsel-buildroot-linux-uclibc/bin/mipsel-buildroot-linux-uclibc-gcc -o conftest -g -O2  -static conftest.c  >&5
configure:8441: $? = 0
configure:8445: test -z 
			 || test ! -s conftest.err
configure:8448: $? = 0
configure:8451: test -s conftest
configure:8454: $? = 0
configure:8466: result: yes
configure:8588: checking for inet_pton
configure:8645: /opt/mipsel-buildroot-linux-uclibc/bin/mipsel-buildroot-linux-uclibc-gcc -o conftest -g -O2  -static conftest.c  >&5
configure:8651: $? = 0
configure:8655: test -z 
			 || test ! -s conftest.err
configure:8658: $? = 0
configure:8661: test -s conftest
configure:8664: $? = 0
configure:8676: result: yes
configure:8588: checking for inet_ntop
configure:8645: /opt/mipsel-buildroot-linux-uclibc/bin/mipsel-buildroot-linux-uclibc-gcc -o conftest -g -O2  -static conftest.c  >&5
configure:8651: $? = 0
configure:8655: test -z 
			 || test ! -s conftest.err
configure:8658: $? = 0
configure:8661: test -s conftest
configure:8664: $? = 0
configure:8676: result: yes
configure:8687: checking for struct sockaddr.sa_len
configure:8712: /opt/mipsel-buildroot-linux-uclibc/bin/mipsel-buildroot-linux-uclibc-gcc -c -g -O2  conftest.c >&5
conftest.c: In function 'main':
conftest.c:74:12: error: 'struct sockaddr' has no member named 'sa_len'
   74 | if (ac_aggr.sa_len)
      |            ^
configure:8718: $? = 1
configure: failed program was:
| /* confdefs.h.  */
| 
| #define PACKAGE_NAME ""
| #define PACKAGE_TARNAME ""
| #define PACKAGE_VERSION ""
| #define PACKAGE_STRING ""
| #define PACKAGE_BUGREPORT ""
| #define PACKAGE "netcat"
| #define VERSION "0.7.1"
| #define ENABLE_NLS 1
| #define HAVE_GETTEXT 1
| #define HAVE_DCGETTEXT 1
| #define STDC_HEADERS 1
| #define HAVE_SYS_TYPES_H 1
| #define HAVE_SYS_STAT_H 1
| #define HAVE_STDLIB_H 1
| #define HAVE_STRING_H 1
| #define HAVE_MEMORY_H 1
| #define HAVE_STRINGS_H 1
| #define HAVE_INTTYPES_H 1
| #define HAVE_STDINT_H 1
| #define HAVE_UNISTD_H 1
| #define HAVE_ALLOCA_H 1
| #define HAVE_ALLOCA 1
| #define HAVE_STDLIB_H 1
| #define HAVE_UNISTD_H 1
| #define HAVE_GETPAGESIZE 1
| #define INTDIV0_RAISES_SIGFPE 0
| #define HAVE_INTTYPES_H_WITH_UINTMAX 1
| #define HAVE_STDINT_H_WITH_UINTMAX 1
| #define HAVE_UNSIGNED_LONG_LONG 1
| #define HAVE_INTTYPES_H 1
| #define HAVE_LIMITS_H 1
| #define HAVE_LOCALE_H 1
| #define HAVE_NL_TYPES_H 1
| #define HAVE_MALLOC_H 1
| #define HAVE_STDDEF_H 1
| #define HAVE_STDLIB_H 1
| #define HAVE_STRING_H 1
| #define HAVE_UNISTD_H 1
| #define HAVE_SYS_PARAM_H 1
| #define HAVE_FEOF_UNLOCKED 1
| #define HAVE_FGETS_UNLOCKED 1
| #define HAVE_GETC_UNLOCKED 1
| #define HAVE_GETCWD 1
| #define HAVE_GETEGID 1
| #define HAVE_GETEUID 1
| #define HAVE_GETGID 1
| #define HAVE_GETUID 1
| #define HAVE_MEMPCPY 1
| #define HAVE_MUNMAP 1
| #define HAVE_PUTENV 1
| #define HAVE_SETENV 1
| #define HAVE_SETLOCALE 1
| #define HAVE_STPCPY 1
| #define HAVE_STRCASECMP 1
| #define HAVE_STRDUP 1
| #define HAVE_STRTOUL 1
| #define HAVE_TSEARCH 1
| #define HAVE_LANGINFO_CODESET 1
| #define HAVE_LC_MESSAGES 1
| #define HAVE_SRANDOM 1
| #define HAVE_RANDOM 1
| #define HAVE_INET_PTON 1
| #define HAVE_INET_NTOP 1
| /* end confdefs.h.  */
| #include <sys/types.h>
| #include <sys/socket.h>
| 
| int
| main ()
| {
| static struct sockaddr ac_aggr;
| if (ac_aggr.sa_len)
| return 0;
|   ;
|   return 0;
| }
configure:8758: /opt/mipsel-buildroot-linux-uclibc/bin/mipsel-buildroot-linux-uclibc-gcc -c -g -O2  conftest.c >&5
conftest.c: In function 'main':
conftest.c:74:19: error: 'struct sockaddr' has no member named 'sa_len'
   74 | if (sizeof ac_aggr.sa_len)
      |                   ^
configure:8764: $? = 1
configure: failed program was:
| /* confdefs.h.  */
| 
| #define PACKAGE_NAME ""
| #define PACKAGE_TARNAME ""
| #define PACKAGE_VERSION ""
| #define PACKAGE_STRING ""
| #define PACKAGE_BUGREPORT ""
| #define PACKAGE "netcat"
| #define VERSION "0.7.1"
| #define ENABLE_NLS 1
| #define HAVE_GETTEXT 1
| #define HAVE_DCGETTEXT 1
| #define STDC_HEADERS 1
| #define HAVE_SYS_TYPES_H 1
| #define HAVE_SYS_STAT_H 1
| #define HAVE_STDLIB_H 1
| #define HAVE_STRING_H 1
| #define HAVE_MEMORY_H 1
| #define HAVE_STRINGS_H 1
| #define HAVE_INTTYPES_H 1
| #define HAVE_STDINT_H 1
| #define HAVE_UNISTD_H 1
| #define HAVE_ALLOCA_H 1
| #define HAVE_ALLOCA 1
| #define HAVE_STDLIB_H 1
| #define HAVE_UNISTD_H 1
| #define HAVE_GETPAGESIZE 1
| #define INTDIV0_RAISES_SIGFPE 0
| #define HAVE_INTTYPES_H_WITH_UINTMAX 1
| #define HAVE_STDINT_H_WITH_UINTMAX 1
| #define HAVE_UNSIGNED_LONG_LONG 1
| #define HAVE_INTTYPES_H 1
| #define HAVE_LIMITS_H 1
| #define HAVE_LOCALE_H 1
| #define HAVE_NL_TYPES_H 1
| #define HAVE_MALLOC_H 1
| #define HAVE_STDDEF_H 1
| #define HAVE_STDLIB_H 1
| #define HAVE_STRING_H 1
| #define HAVE_UNISTD_H 1
| #define HAVE_SYS_PARAM_H 1
| #define HAVE_FEOF_UNLOCKED 1
| #define HAVE_FGETS_UNLOCKED 1
| #define HAVE_GETC_UNLOCKED 1
| #define HAVE_GETCWD 1
| #define HAVE_GETEGID 1
| #define HAVE_GETEUID 1
| #define HAVE_GETGID 1
| #define HAVE_GETUID 1
| #define HAVE_MEMPCPY 1
| #define HAVE_MUNMAP 1
| #define HAVE_PUTENV 1
| #define HAVE_SETENV 1
| #define HAVE_SETLOCALE 1
| #define HAVE_STPCPY 1
| #define HAVE_STRCASECMP 1
| #define HAVE_STRDUP 1
| #define HAVE_STRTOUL 1
| #define HAVE_TSEARCH 1
| #define HAVE_LANGINFO_CODESET 1
| #define HAVE_LC_MESSAGES 1
| #define HAVE_SRANDOM 1
| #define HAVE_RANDOM 1
| #define HAVE_INET_PTON 1
| #define HAVE_INET_NTOP 1
| /* end confdefs.h.  */
| #include <sys/types.h>
| #include <sys/socket.h>
| 
| int
| main ()
| {
| static struct sockaddr ac_aggr;
| if (sizeof ac_aggr.sa_len)
| return 0;
|   ;
|   return 0;
| }
configure:8790: result: no
configure:8802: checking for struct in_pktinfo
configure:8828: /opt/mipsel-buildroot-linux-uclibc/bin/mipsel-buildroot-linux-uclibc-gcc -c -g -O2  conftest.c >&5
configure:8834: $? = 0
configure:8838: test -z 
			 || test ! -s conftest.err
configure:8841: $? = 0
configure:8844: test -s conftest.o
configure:8847: $? = 0
configure:8858: result: yes
configure:8868: checking for in_port_t
configure:8894: /opt/mipsel-buildroot-linux-uclibc/bin/mipsel-buildroot-linux-uclibc-gcc -c -g -O2  conftest.c >&5
configure:8900: $? = 0
configure:8904: test -z 
			 || test ! -s conftest.err
configure:8907: $? = 0
configure:8910: test -s conftest.o
configure:8913: $? = 0
configure:8924: result: yes
configure:9023: checking for getopt_long
configure:9080: /opt/mipsel-buildroot-linux-uclibc/bin/mipsel-buildroot-linux-uclibc-gcc -o conftest -g -O2 -Wall  -static conftest.c  >&5
configure:9086: $? = 0
configure:9090: test -z 
			 || test ! -s conftest.err
configure:9093: $? = 0
configure:9096: test -s conftest
configure:9099: $? = 0
configure:9111: result: yes
configure:9265: creating ./config.status

## ---------------------- ##
## Running config.status. ##
## ---------------------- ##

This file was extended by config.status, which was
generated by GNU Autoconf 2.59.  Invocation command line was

  CONFIG_FILES    = 
  CONFIG_HEADERS  = 
  CONFIG_LINKS    = 
  CONFIG_COMMANDS = 
  $ ./config.status 

on hv4mbgw9685fwjfj-0824122

config.status:724: creating Makefile
config.status:724: creating m4/Makefile
config.status:724: creating lib/Makefile
config.status:724: creating lib/contrib/Makefile
config.status:724: creating src/Makefile
config.status:724: creating doc/Makefile
config.status:724: creating doc/drafts/Makefile
config.status:724: creating po/Makefile.in
config.status:724: creating doc/texi2pod.pl
config.status:832: creating config.h
config.status:1054: config.h is unchanged
config.status:1234: executing depfiles commands
config.status:1234: executing default-1 commands

## ---------------- ##
## Cache variables. ##
## ---------------- ##

ac_cv_build=x86_64-unknown-linux-gnu
ac_cv_build_alias=x86_64-unknown-linux-gnu
ac_cv_c_compiler_gnu=yes
ac_cv_c_const=yes
ac_cv_c_inline=inline
ac_cv_env_CC_set=set
ac_cv_env_CC_value=/opt/mipsel-buildroot-linux-uclibc/bin/mipsel-buildroot-linux-uclibc-gcc
ac_cv_env_CFLAGS_set=
ac_cv_env_CFLAGS_value=
ac_cv_env_CPPFLAGS_set=
ac_cv_env_CPPFLAGS_value=
ac_cv_env_CPP_set=
ac_cv_env_CPP_value=
ac_cv_env_LDFLAGS_set=set
ac_cv_env_LDFLAGS_value=-static
ac_cv_env_build_alias_set=
ac_cv_env_build_alias_value=
ac_cv_env_host_alias_set=set
ac_cv_env_host_alias_value=mipsel
ac_cv_env_target_alias_set=
ac_cv_env_target_alias_value=
ac_cv_exeext=
ac_cv_func___argz_count=no
ac_cv_func___argz_next=no
ac_cv_func___argz_stringify=no
ac_cv_func_alloca_works=yes
ac_cv_func_feof_unlocked=yes
ac_cv_func_fgets_unlocked=yes
ac_cv_func_getc_unlocked=yes
ac_cv_func_getcwd=yes
ac_cv_func_getegid=yes
ac_cv_func_geteuid=yes
ac_cv_func_getgid=yes
ac_cv_func_gethostbyname=yes
ac_cv_func_getopt_long=yes
ac_cv_func_getpagesize=yes
ac_cv_func_getuid=yes
ac_cv_func_inet_ntop=yes
ac_cv_func_inet_pton=yes
ac_cv_func_mempcpy=yes
ac_cv_func_mmap_fixed_mapped=no
ac_cv_func_munmap=yes
ac_cv_func_putenv=yes
ac_cv_func_random=yes
ac_cv_func_setenv=yes
ac_cv_func_setlocale=yes
ac_cv_func_socket=yes
ac_cv_func_srandom=yes
ac_cv_func_stpcpy=yes
ac_cv_func_strcasecmp=yes
ac_cv_func_strdup=yes
ac_cv_func_strtoul=yes
ac_cv_func_tsearch=yes
ac_cv_gnu_library_2_1=yes
ac_cv_header_argz_h=no
ac_cv_header_inttypes_h=yes
ac_cv_header_limits_h=yes
ac_cv_header_locale_h=yes
ac_cv_header_malloc_h=yes
ac_cv_header_memory_h=yes
ac_cv_header_nl_types_h=yes
ac_cv_header_stdc=yes
ac_cv_header_stddef_h=yes
ac_cv_header_stdint_h=yes
ac_cv_header_stdlib_h=yes
ac_cv_header_string_h=yes
ac_cv_header_strings_h=yes
ac_cv_header_sys_param_h=yes
ac_cv_header_sys_sockio_h=no
ac_cv_header_sys_stat_h=yes
ac_cv_header_sys_types_h=yes
ac_cv_header_unistd_h=yes
ac_cv_host=mipsel-unknown-elf
ac_cv_host_alias=mipsel
ac_cv_lib_cposix_strerror=no
ac_cv_lib_str_putmsg=no
ac_cv_member_struct_sockaddr_sa_len=no
ac_cv_objext=o
ac_cv_path_GMSGFMT=:
ac_cv_path_MSGFMT=:
ac_cv_path_MSGMERGE=:
ac_cv_path_PERL=/usr/bin/perl
ac_cv_path_POD2MAN=/usr/bin/pod2man
ac_cv_path_XGETTEXT=:
ac_cv_path_install='/usr/bin/install -c'
ac_cv_prog_AWK=gawk
ac_cv_prog_CC=/opt/mipsel-buildroot-linux-uclibc/bin/mipsel-buildroot-linux-uclibc-gcc
ac_cv_prog_CPP='/opt/mipsel-buildroot-linux-uclibc/bin/mipsel-buildroot-linux-uclibc-gcc -E'
ac_cv_prog_INTLBISON=bison
ac_cv_prog_ac_ct_RANLIB=ranlib
ac_cv_prog_ac_ct_STRIP=strip
ac_cv_prog_cc_g=yes
ac_cv_prog_cc_stdc=
ac_cv_prog_egrep='grep -E'
ac_cv_prog_make_make_set=yes
ac_cv_target=mipsel-unknown-elf
ac_cv_target_alias=mipsel
ac_cv_type_in_port_t=yes
ac_cv_type_off_t=yes
ac_cv_type_size_t=yes
ac_cv_type_struct_in_pktinfo=yes
ac_cv_type_unsigned_long_long=yes
ac_cv_working_alloca_h=yes
acl_cv_hardcode_direct=no
acl_cv_hardcode_libdir_flag_spec='${wl}-rpath ${wl}$libdir'
acl_cv_hardcode_libdir_separator=
acl_cv_hardcode_minus_L=no
acl_cv_libext=a
acl_cv_path_LD=/opt/mipsel-buildroot-linux-uclibc/mipsel-buildroot-linux-uclibc/bin/ld
acl_cv_prog_gnu_ld=yes
acl_cv_rpath=done
acl_cv_shlibext=
acl_cv_sys_lib_dlsearch_path_spec='/lib /usr/lib'
acl_cv_sys_lib_search_path_spec='/lib /usr/lib /usr/local/lib'
acl_cv_wl=-Wl,
am_cv_CC_dependencies_compiler_type=none
am_cv_func_iconv='no, consider installing GNU libiconv'
am_cv_langinfo_codeset=yes
am_cv_lib_iconv=no
am_cv_val_LC_MESSAGES=yes
gt_cv_func_gnugettext2_libc=no
gt_cv_func_gnugettext2_libintl=yes
gt_cv_header_inttypes_h=yes
gt_cv_int_divbyzero_sigfpe='guessing no'
gt_cv_inttypes_pri_broken=no
jm_ac_cv_header_inttypes_h=yes
jm_ac_cv_header_stdint_h=yes

## ----------------- ##
## Output variables. ##
## ----------------- ##

ACLOCAL='${SHELL} /root/f/embins/netcat/src-0.7.1/missing --run aclocal-1.7'
ALLOCA=''
AMDEPBACKSLASH='\'
AMDEP_FALSE='#'
AMDEP_TRUE=''
AMTAR='${SHELL} /root/f/embins/netcat/src-0.7.1/missing --run tar'
AUTOCONF='${SHELL} /root/f/embins/netcat/src-0.7.1/missing --run autoconf'
AUTOHEADER='${SHELL} /root/f/embins/netcat/src-0.7.1/missing --run autoheader'
AUTOMAKE='${SHELL} /root/f/embins/netcat/src-0.7.1/missing --run automake-1.7'
AWK='gawk'
CC='/opt/mipsel-buildroot-linux-uclibc/bin/mipsel-buildroot-linux-uclibc-gcc'
CCDEPMODE='depmode=none'
CFLAGS='-g -O2 -Wall'
CONTRIBLIBS=''
CPP='/opt/mipsel-buildroot-linux-uclibc/bin/mipsel-buildroot-linux-uclibc-gcc -E'
CPPFLAGS=''
CYGPATH_W='echo'
DEFS='-DHAVE_CONFIG_H'
DEPDIR='.deps'
ECHO_C=''
ECHO_N='-n'
ECHO_T=''
EGREP='grep -E'
EXEEXT=''
GLIBC21='yes'
GMSGFMT=':'
INSTALL_DATA='${INSTALL} -m 644'
INSTALL_PROGRAM='${INSTALL}'
INSTALL_SCRIPT='${INSTALL}'
INSTALL_STRIP_PROGRAM='${SHELL} $(install_sh) -c -s'
INTLBISON='bison'
INTLLIBS='-lintl'
LDFLAGS='-static'
LIBICONV=''
LIBINTL='-lintl'
LIBOBJS=''
LIBS=''
LTLIBICONV=''
LTLIBINTL='-lintl'
LTLIBOBJS=''
MAKEINFO='${SHELL} /root/f/embins/netcat/src-0.7.1/missing --run makeinfo'
MKINSTALLDIRS='./mkinstalldirs'
MSGFMT=':'
MSGMERGE=':'
NEED_GETOPT_FALSE=''
NEED_GETOPT_TRUE='#'
OBJEXT='o'
PACKAGE='netcat'
PACKAGE_BUGREPORT=''
PACKAGE_NAME=''
PACKAGE_STRING=''
PACKAGE_TARNAME=''
PACKAGE_VERSION=''
PATH_SEPARATOR=':'
PERL='/usr/bin/perl'
POD2MAN='/usr/bin/pod2man'
POSUB='po'
RANLIB='ranlib'
SET_MAKE=''
SHELL='/bin/bash'
STRIP='strip'
USE_NLS='yes'
VERSION='0.7.1'
XGETTEXT=':'
ac_ct_CC=''
ac_ct_RANLIB='ranlib'
ac_ct_STRIP='strip'
all_includes=' '
all_libraries=' '
am__fastdepCC_FALSE=''
am__fastdepCC_TRUE='#'
am__include='include'
am__leading_dot='.'
am__quote=''
bindir='${exec_prefix}/bin'
build='x86_64-unknown-linux-gnu'
build_alias=''
build_cpu='x86_64'
build_os='linux-gnu'
build_vendor='unknown'
datadir='${prefix}/share'
exec_prefix='${prefix}'
host='mipsel-unknown-elf'
host_alias='mipsel'
host_cpu='mipsel'
host_os='elf'
host_vendor='unknown'
includedir='${prefix}/include'
infodir='${prefix}/info'
install_sh='/root/f/embins/netcat/src-0.7.1/install-sh'
libdir='${exec_prefix}/lib'
libexecdir='${exec_prefix}/libexec'
localstatedir='${prefix}/var'
mandir='${prefix}/man'
oldincludedir='/usr/include'
prefix='/usr/local'
program_transform_name='s,x,x,'
sbindir='${exec_prefix}/sbin'
sharedstatedir='${prefix}/com'
sysconfdir='${prefix}/etc'
target='mipsel-unknown-elf'
target_alias=''
target_cpu='mipsel'
target_os='elf'
target_vendor='unknown'

## ----------- ##
## confdefs.h. ##
## ----------- ##

#define ENABLE_NLS 1
#define HAVE_ALLOCA 1
#define HAVE_ALLOCA_H 1
#define HAVE_DCGETTEXT 1
#define HAVE_FEOF_UNLOCKED 1
#define HAVE_FGETS_UNLOCKED 1
#define HAVE_GETCWD 1
#define HAVE_GETC_UNLOCKED 1
#define HAVE_GETEGID 1
#define HAVE_GETEUID 1
#define HAVE_GETGID 1
#define HAVE_GETOPT_LONG 1
#define HAVE_GETPAGESIZE 1
#define HAVE_GETTEXT 1
#define HAVE_GETUID 1
#define HAVE_INET_NTOP 1
#define HAVE_INET_PTON 1
#define HAVE_INTTYPES_H 1
#define HAVE_INTTYPES_H 1
#define HAVE_INTTYPES_H_WITH_UINTMAX 1
#define HAVE_IN_PORT_T 1
#define HAVE_LANGINFO_CODESET 1
#define HAVE_LC_MESSAGES 1
#define HAVE_LIMITS_H 1
#define HAVE_LOCALE_H 1
#define HAVE_MALLOC_H 1
#define HAVE_MEMORY_H 1
#define HAVE_MEMPCPY 1
#define HAVE_MUNMAP 1
#define HAVE_NL_TYPES_H 1
#define HAVE_PUTENV 1
#define HAVE_RANDOM 1
#define HAVE_SETENV 1
#define HAVE_SETLOCALE 1
#define HAVE_SRANDOM 1
#define HAVE_STDDEF_H 1
#define HAVE_STDINT_H 1
#define HAVE_STDINT_H_WITH_UINTMAX 1
#define HAVE_STDLIB_H 1
#define HAVE_STDLIB_H 1
#define HAVE_STDLIB_H 1
#define HAVE_STPCPY 1
#define HAVE_STRCASECMP 1
#define HAVE_STRDUP 1
#define HAVE_STRINGS_H 1
#define HAVE_STRING_H 1
#define HAVE_STRING_H 1
#define HAVE_STRTOUL 1
#define HAVE_STRUCT_IN_PKTINFO 1
#define HAVE_SYS_PARAM_H 1
#define HAVE_SYS_STAT_H 1
#define HAVE_SYS_TYPES_H 1
#define HAVE_TSEARCH 1
#define HAVE_UNISTD_H 1
#define HAVE_UNISTD_H 1
#define HAVE_UNISTD_H 1
#define HAVE_UNSIGNED_LONG_LONG 1
#define INTDIV0_RAISES_SIGFPE 0
#define PACKAGE "netcat"
#define PACKAGE_BUGREPORT ""
#define PACKAGE_NAME ""
#define PACKAGE_STRING ""
#define PACKAGE_TARNAME ""
#define PACKAGE_VERSION ""
#define STDC_HEADERS 1
#define VERSION "0.7.1"

configure: exit 0
